[Licensing::Module] Trying to connect to existing licensing client channel...
Built from '6000.2/staging' branch; Version is '6000.2.2f1 (ea398eefe1c2) revision 15350158'; Using compiler version '194234433'; Build Type 'Release'
[Licensing::IpcConnector] Successfully connected to: "LicenseClient-Steph" at "2025-09-30T23:34:15.9873956Z"
OS: 'Windows 11  (10.0.26100) 64bit Core' Language: 'en' Physical Memory: 32326 MB
BatchMode: 1, IsHumanControllingUs: 0, StartBugReporterOnCrash: 0, Is64bit: 1
Date: 2025-09-30T23:34:15Z

COMMAND LINE ARGUMENTS:
C:\Program Files\Unity\Hub\Editor\6000.2.2f1\Editor\Unity.exe
-batchmode
-nographics
-quit
-projectPath
C:\Users\Steph\Dev\aq30-unity
-runTests
-testPlatform
EditMode
-logFile
C:\Users\Steph\Dev\aq30-unity\_logs\unity_editmode_20251001_090415.log
-testResults
C:\Users\Steph\Dev\aq30-unity\_logs\unity_editmode_20251001_090415.xml
Successfully changed project path to: C:\Users\Steph\Dev\aq30-unity
C:/Users/Steph/Dev/aq30-unity
[UnityMemory] Configuration Parameters - Can be set up in boot.config
    "memorysetup-allocator-temp-initial-block-size-main=262144"
    "memorysetup-allocator-temp-initial-block-size-worker=262144"
    "memorysetup-bucket-allocator-granularity=16"
    "memorysetup-bucket-allocator-bucket-count=8"
    "memorysetup-bucket-allocator-block-size=33554432"
    "memorysetup-bucket-allocator-block-count=8"
    "memorysetup-main-allocator-block-size=16777216"
    "memorysetup-thread-allocator-block-size=16777216"
    "memorysetup-gfx-main-allocator-block-size=16777216"
    "memorysetup-gfx-thread-allocator-block-size=16777216"
    "memorysetup-cache-allocator-block-size=4194304"
    "memorysetup-typetree-allocator-block-size=2097152"
    "memorysetup-profiler-bucket-allocator-granularity=16"
    "memorysetup-profiler-bucket-allocator-bucket-count=8"
    "memorysetup-profiler-bucket-allocator-block-size=33554432"
    "memorysetup-profiler-bucket-allocator-block-count=8"
    "memorysetup-profiler-allocator-block-size=16777216"
    "memorysetup-profiler-editor-allocator-block-size=1048576"
    "memorysetup-temp-allocator-size-main=16777216"
    "memorysetup-job-temp-allocator-block-size=2097152"
    "memorysetup-job-temp-allocator-block-size-background=1048576"
    "memorysetup-job-temp-allocator-reduction-small-platforms=262144"
    "memorysetup-temp-allocator-size-background-worker=32768"
    "memorysetup-temp-allocator-size-job-worker=262144"
    "memorysetup-temp-allocator-size-preload-manager=33554432"
    "memorysetup-temp-allocator-size-nav-mesh-worker=65536"
    "memorysetup-temp-allocator-size-audio-worker=65536"
    "memorysetup-temp-allocator-size-cloud-worker=32768"
    "memorysetup-temp-allocator-size-gi-baking-worker=262144"
    "memorysetup-temp-allocator-size-gi-baking-worker=262144"
    "memorysetup-temp-allocator-size-gi-baking-worker=262144"
    "memorysetup-temp-allocator-size-gi-baking-worker=262144"
    "memorysetup-temp-allocator-size-gi-baking-worker=262144"
    "memorysetup-temp-allocator-size-gfx=262144"
Player connection [6928]  Target information:

Player connection [6928]  * "[IP] 192.168.0.70 [Port] 55504 [Flags] 2 [Guid] 240161833 [EditorId] 240161833 [Version] 1048832 [Id] WindowsEditor(7,TrishSteveNewPC) [Debug] 1 [PackageName] WindowsEditor [ProjectName] Editor" 

Player connection [6928] Host joined multi-casting on [225.0.0.222:54997]...
Player connection [6928] Host joined alternative multi-casting on [225.0.0.222:34997]...
Input System module state changed to: Initialized.
[Licensing::Client] Code 10 while verifying Licensing Client signature (process Id: 22968, path: "C:/Program Files/Unity Hub/UnityLicensingClient_V1/Unity.Licensing.Client.exe")
[Licensing::Module] LicensingClient has failed validation; ignoring
[Physics::Module] Initialized fallback backend.
[Physics::Module] Id: 0xdecafbad
[Licensing::Client] Error: HandshakeResponse reported an error:
	ResponseCode: 505
	ResponseStatus: Unsupported protocol version '1.17.2'.
[Licensing::Module] Error: Failed to handshake to channel: "LicenseClient-Steph"
[Licensing::IpcConnector] LicenseClient-Steph channel disconnected successfully.
[Licensing::IpcConnector] Channel LicenseClient-Steph-6000.2.2 doesn't exist
[Licensing::Module] Successfully launched the LicensingClient (PId: 22920)
[Package Manager] Connected to IPC stream "Upm-18416" after 0.8 seconds.
Library Redirect Path: Library/
[Physics::Module] Selected backend.
[Physics::Module] Name: PhysX
[Physics::Module] Id: 0xf2b8ea05
[Physics::Module] SDK Version: 4.1.2
[Physics::Module] Integration Version: 1.0.0
[Physics::Module] Threading Mode: Multi-Threaded
Artifact Garbage Collection - Removed 12 unused hashed content files
Refreshing native plugins compatible for Editor in 1.02 ms, found 0 plugins.
Preloading 0 native plugins for Editor in 0.00 ms.
Initialize engine version: 6000.2.2f1 (ea398eefe1c2)
[Subsystems] Discovering subsystems at path C:/Program Files/Unity/Hub/Editor/6000.2.2f1/Editor/Data/Resources/UnitySubsystems
[Subsystems] Discovering subsystems at path C:/Users/Steph/Dev/aq30-unity/Assets
Forcing GfxDevice: Null
GfxDevice: creating device client; kGfxThreadingModeNonThreaded
NullGfxDevice:
    Version:  NULL 1.0 [1.0]
    Renderer: Null Device
    Vendor:   Unity Technologies
Initialize mono
Mono path[0] = 'C:/Program Files/Unity/Hub/Editor/6000.2.2f1/Editor/Data/Managed'
Mono path[1] = 'C:/Program Files/Unity/Hub/Editor/6000.2.2f1/Editor/Data/MonoBleedingEdge/lib/mono/unityjit-win32'
Mono config path = 'C:/Program Files/Unity/Hub/Editor/6000.2.2f1/Editor/Data/MonoBleedingEdge/etc'
Using monoOptions --debugger-agent=transport=dt_socket,embedding=1,server=y,suspend=n,address=127.0.0.1:56416
Using cacheserver namespaces - metadata:defaultmetadata, artifacts:defaultartifacts
Using cacheserver namespaces - metadata:defaultmetadata, artifacts:defaultartifacts
ImportWorker Server TCP listen port: 0
AcceleratorClientConnectionCallback - disconnected - :0
Begin MonoManager ReloadAssembly
[Licensing::IpcConnector] Successfully connected to: "LicenseClient-Steph-6000.2.2" at "2025-09-30T23:34:20.4703989Z"
[Licensing::Client] Code 10 while verifying Licensing Client signature (process Id: 22920, path: "C:/Program Files/Unity/Hub/Editor/6000.2.2f1/Editor/Data/Resources/Licensing/Client/Unity.Licensing.Client.exe")
[Licensing::Module] LicensingClient has failed validation; ignoring
[Licensing::Client] Handshaking with LicensingClient:
  Version:                 1.17.2+ff71f16
  Session Id:              5d6a0fae43594faa8509e85a763a845f
  Correlation Id:          3a576fd1370f00294e29b03bb2e48af8
  External correlation Id: 6423318328370968149
  Machine Id:              mLizcUxcX/p3yMabgeyhePjZKN4=
[Licensing::Module] Successfully connected to LicensingClient on channel: "LicenseClient-Steph-6000.2.2" (connect: 4.37s, validation: 0.31s, handshake: 0.01s)
[Licensing::IpcConnector] Successfully connected to: "LicenseClient-Steph-6000.2.2-notifications" at "2025-09-30T23:34:20.7870769Z"
[Licensing::Module] Connected to LicensingClient (PId: 22920, launch time: 0.07, total connection time: 4.68s)
[Licensing::Module] Error: Access token is unavailable; failed to update
[Licensing::Client] Successfully resolved entitlement details
[Licensing::Module] License group:
  Id: 16768297830509-UnityPersXXXX
  Product: Unity Personal
  Type: Assigned
  Expiration: Unlimited
[Licensing::Client] Successfully updated license, isAsync: True, time: 0.04
[Licensing::Module] Licensing Background thread has ended after 4.92s
Registering precompiled unity dll's ...
Register platform support module: C:/Program Files/Unity/Hub/Editor/6000.2.2f1/Editor/Data/PlaybackEngines/WebGLSupport/UnityEditor.WebGL.Extensions.dll
Register platform support module: C:/Program Files/Unity/Hub/Editor/6000.2.2f1/Editor/Data/PlaybackEngines/WindowsStandaloneSupport/UnityEditor.WindowsStandalone.Extensions.dll
[Licensing::Client] Successfully resolved entitlement details
Register platform support module: C:/Program Files/Unity/Hub/Editor/6000.2.2f1/Editor/Data/PlaybackEngines/AndroidPlayer/UnityEditor.Android.Extensions.dll
[Licensing::Client] Successfully resolved entitlement details
Register platform support module: C:/Program Files/Unity/Hub/Editor/6000.2.2f1/Editor/Data/PlaybackEngines/iOSSupport/UnityEditor.iOS.Extensions.dll
Registered in 0.716870 seconds.
- Loaded All Assemblies, in 10.290 seconds
Native extension for iOS target not found
Native extension for Android target not found
Android Extension - Scanning For ADB Devices 2297 ms
Native extension for WindowsStandalone target not found
Native extension for WebGL target not found
Mono: successfully reloaded assembly
- Finished resetting the current domain, in  2.805 seconds
Domain Reload Profiling: 13094ms
	BeginReloadAssembly (7267ms)
		ExecutionOrderSort (0ms)
		DisableScriptedObjects (0ms)
		BackupInstance (0ms)
		ReleaseScriptingObjects (0ms)
		CreateAndSetChildDomain (2ms)
	RebuildCommonClasses (452ms)
	RebuildNativeTypeToScriptingClass (9ms)
	initialDomainReloadingComplete (753ms)
	LoadAllAssembliesAndSetupDomain (1806ms)
		LoadAssemblies (7280ms)
		RebuildTransferFunctionScriptingTraits (0ms)
		AnalyzeDomain (1785ms)
			TypeCache.Refresh (1783ms)
				TypeCache.ScanAssembly (1519ms)
			BuildScriptInfoCaches (0ms)
			ResolveRequiredComponents (1ms)
	FinalizeReload (2805ms)
		ReleaseScriptCaches (0ms)
		RebuildScriptCaches (0ms)
		SetupLoadedEditorAssemblies (2775ms)
			LogAssemblyErrors (0ms)
			InitializePlatformSupportModulesInManaged (2561ms)
			SetLoadedEditorAssemblies (4ms)
			BeforeProcessingInitializeOnLoad (60ms)
			ProcessInitializeOnLoadAttributes (98ms)
			ProcessInitializeOnLoadMethodAttributes (52ms)
			AfterProcessingInitializeOnLoad (0ms)
			EditorAssembliesLoaded (0ms)
		ExecutionOrderSort2 (0ms)
		AwakeInstancesAfterBackupRestoration (0ms)
[Licensing::Client] Successfully resolved entitlement details
Application.AssetDatabase Initial Refresh Start
Package Manager log level set to [2]
[Package Manager] Restoring resolved packages state from cache
[Licensing::Client] Successfully resolved entitlement details
[Package Manager] Registered 69 packages:
  Packages from [https://packages.unity.com]:
    com.unity.2d.animation@12.0.2 (location: C:\Users\Steph\Dev\aq30-unity\Library\PackageCache\com.unity.2d.animation@34e0443c58ed)
    com.unity.2d.aseprite@2.0.1 (location: C:\Users\Steph\Dev\aq30-unity\Library\PackageCache\com.unity.2d.aseprite@f6e7e126ac6d)
    com.unity.2d.psdimporter@11.0.1 (location: C:\Users\Steph\Dev\aq30-unity\Library\PackageCache\com.unity.2d.psdimporter@0adcab25a8fd)
    com.unity.2d.spriteshape@12.0.1 (location: C:\Users\Steph\Dev\aq30-unity\Library\PackageCache\com.unity.2d.spriteshape@1d246726c231)
    com.unity.2d.tilemap.extras@5.0.1 (location: C:\Users\Steph\Dev\aq30-unity\Library\PackageCache\com.unity.2d.tilemap.extras@2338d989ff2a)
    com.unity.addressables@2.7.2 (location: C:\Users\Steph\Dev\aq30-unity\Library\PackageCache\com.unity.addressables@d929cbc70804)
    com.unity.collab-proxy@2.9.3 (location: C:\Users\Steph\Dev\aq30-unity\Library\PackageCache\com.unity.collab-proxy@ab839cc7d2ad)
    com.unity.ide.rider@3.0.38 (location: C:\Users\Steph\Dev\aq30-unity\Library\PackageCache\com.unity.ide.rider@1f60b3138684)
    com.unity.ide.visualstudio@2.0.23 (location: C:\Users\Steph\Dev\aq30-unity\Library\PackageCache\com.unity.ide.visualstudio@198cdf337d13)
    com.unity.inputsystem@1.14.2 (location: C:\Users\Steph\Dev\aq30-unity\Library\PackageCache\com.unity.inputsystem@be6c4fd0abf5)
    com.unity.nuget.newtonsoft-json@3.2.1 (location: C:\Users\Steph\Dev\aq30-unity\Library\PackageCache\com.unity.nuget.newtonsoft-json@74deb55db2a0)
    com.unity.timeline@1.8.9 (location: C:\Users\Steph\Dev\aq30-unity\Library\PackageCache\com.unity.timeline@6b9e48457ddb)
    com.unity.profiling.core@1.0.2 (location: C:\Users\Steph\Dev\aq30-unity\Library\PackageCache\com.unity.profiling.core@aac7b93912bc)
    com.unity.scriptablebuildpipeline@2.4.1 (location: C:\Users\Steph\Dev\aq30-unity\Library\PackageCache\com.unity.scriptablebuildpipeline@4fce4ca980cb)
    com.unity.2d.common@11.0.1 (location: C:\Users\Steph\Dev\aq30-unity\Library\PackageCache\com.unity.2d.common@dd402daace1b)
    com.unity.mathematics@1.3.2 (location: C:\Users\Steph\Dev\aq30-unity\Library\PackageCache\com.unity.mathematics@8017b507cc74)
    com.unity.collections@2.5.7 (location: C:\Users\Steph\Dev\aq30-unity\Library\PackageCache\com.unity.collections@d49facba0036)
    com.unity.searcher@4.9.3 (location: C:\Users\Steph\Dev\aq30-unity\Library\PackageCache\com.unity.searcher@1e17ce91558d)
    com.unity.burst@1.8.24 (location: C:\Users\Steph\Dev\aq30-unity\Library\PackageCache\com.unity.burst@f7a407abf4d5)
    com.unity.nuget.mono-cecil@1.11.5 (location: C:\Users\Steph\Dev\aq30-unity\Library\PackageCache\com.unity.nuget.mono-cecil@d78732e851eb)
    com.unity.test-framework.performance@3.1.0 (location: C:\Users\Steph\Dev\aq30-unity\Library\PackageCache\com.unity.test-framework.performance@92d1d09a72ed)
  Built-in packages:
    com.unity.2d.sprite@1.0.0 (location: C:\Users\Steph\Dev\aq30-unity\Library\PackageCache\com.unity.2d.sprite@331abd9a1e2f)
    com.unity.2d.tilemap@1.0.0 (location: C:\Users\Steph\Dev\aq30-unity\Library\PackageCache\com.unity.2d.tilemap@ba4a6b72f451)
    com.unity.ext.nunit@2.0.5 (location: C:\Users\Steph\Dev\aq30-unity\Library\PackageCache\com.unity.ext.nunit@031a54704bff)
    com.unity.multiplayer.center@1.0.0 (location: C:\Users\Steph\Dev\aq30-unity\Library\PackageCache\com.unity.multiplayer.center@f3fb577b3546)
    com.unity.render-pipelines.universal@17.2.0 (location: C:\Users\Steph\Dev\aq30-unity\Library\PackageCache\com.unity.render-pipelines.universal@a2829103b3d4)
    com.unity.test-framework@1.5.1 (location: C:\Users\Steph\Dev\aq30-unity\Library\PackageCache\com.unity.test-framework@a6f5be5f149c)
    com.unity.textmeshpro@5.0.0 (location: C:\Users\Steph\Dev\aq30-unity\Library\PackageCache\com.unity.textmeshpro@53f43edfd2e0)
    com.unity.ugui@2.0.0 (location: C:\Users\Steph\Dev\aq30-unity\Library\PackageCache\com.unity.ugui@754dbde2be27)
    com.unity.modules.accessibility@1.0.0 (location: C:\Program Files\Unity\Hub\Editor\6000.2.2f1\Editor\Data\Resources\PackageManager\BuiltInPackages\com.unity.modules.accessibility)
    com.unity.modules.ai@1.0.0 (location: C:\Program Files\Unity\Hub\Editor\6000.2.2f1\Editor\Data\Resources\PackageManager\BuiltInPackages\com.unity.modules.ai)
    com.unity.modules.androidjni@1.0.0 (location: C:\Program Files\Unity\Hub\Editor\6000.2.2f1\Editor\Data\Resources\PackageManager\BuiltInPackages\com.unity.modules.androidjni)
    com.unity.modules.animation@1.0.0 (location: C:\Program Files\Unity\Hub\Editor\6000.2.2f1\Editor\Data\Resources\PackageManager\BuiltInPackages\com.unity.modules.animation)
    com.unity.modules.assetbundle@1.0.0 (location: C:\Program Files\Unity\Hub\Editor\6000.2.2f1\Editor\Data\Resources\PackageManager\BuiltInPackages\com.unity.modules.assetbundle)
    com.unity.modules.audio@1.0.0 (location: C:\Program Files\Unity\Hub\Editor\6000.2.2f1\Editor\Data\Resources\PackageManager\BuiltInPackages\com.unity.modules.audio)
    com.unity.modules.cloth@1.0.0 (location: C:\Program Files\Unity\Hub\Editor\6000.2.2f1\Editor\Data\Resources\PackageManager\BuiltInPackages\com.unity.modules.cloth)
    com.unity.modules.director@1.0.0 (location: C:\Program Files\Unity\Hub\Editor\6000.2.2f1\Editor\Data\Resources\PackageManager\BuiltInPackages\com.unity.modules.director)
    com.unity.modules.imageconversion@1.0.0 (location: C:\Program Files\Unity\Hub\Editor\6000.2.2f1\Editor\Data\Resources\PackageManager\BuiltInPackages\com.unity.modules.imageconversion)
    com.unity.modules.imgui@1.0.0 (location: C:\Program Files\Unity\Hub\Editor\6000.2.2f1\Editor\Data\Resources\PackageManager\BuiltInPackages\com.unity.modules.imgui)
    com.unity.modules.jsonserialize@1.0.0 (location: C:\Program Files\Unity\Hub\Editor\6000.2.2f1\Editor\Data\Resources\PackageManager\BuiltInPackages\com.unity.modules.jsonserialize)
    com.unity.modules.particlesystem@1.0.0 (location: C:\Program Files\Unity\Hub\Editor\6000.2.2f1\Editor\Data\Resources\PackageManager\BuiltInPackages\com.unity.modules.particlesystem)
    com.unity.modules.physics@1.0.0 (location: C:\Program Files\Unity\Hub\Editor\6000.2.2f1\Editor\Data\Resources\PackageManager\BuiltInPackages\com.unity.modules.physics)
    com.unity.modules.physics2d@1.0.0 (location: C:\Program Files\Unity\Hub\Editor\6000.2.2f1\Editor\Data\Resources\PackageManager\BuiltInPackages\com.unity.modules.physics2d)
    com.unity.modules.screencapture@1.0.0 (location: C:\Program Files\Unity\Hub\Editor\6000.2.2f1\Editor\Data\Resources\PackageManager\BuiltInPackages\com.unity.modules.screencapture)
    com.unity.modules.terrain@1.0.0 (location: C:\Program Files\Unity\Hub\Editor\6000.2.2f1\Editor\Data\Resources\PackageManager\BuiltInPackages\com.unity.modules.terrain)
    com.unity.modules.terrainphysics@1.0.0 (location: C:\Program Files\Unity\Hub\Editor\6000.2.2f1\Editor\Data\Resources\PackageManager\BuiltInPackages\com.unity.modules.terrainphysics)
    com.unity.modules.tilemap@1.0.0 (location: C:\Program Files\Unity\Hub\Editor\6000.2.2f1\Editor\Data\Resources\PackageManager\BuiltInPackages\com.unity.modules.tilemap)
    com.unity.modules.ui@1.0.0 (location: C:\Program Files\Unity\Hub\Editor\6000.2.2f1\Editor\Data\Resources\PackageManager\BuiltInPackages\com.unity.modules.ui)
    com.unity.modules.uielements@1.0.0 (location: C:\Program Files\Unity\Hub\Editor\6000.2.2f1\Editor\Data\Resources\PackageManager\BuiltInPackages\com.unity.modules.uielements)
    com.unity.modules.umbra@1.0.0 (location: C:\Program Files\Unity\Hub\Editor\6000.2.2f1\Editor\Data\Resources\PackageManager\BuiltInPackages\com.unity.modules.umbra)
    com.unity.modules.unityanalytics@1.0.0 (location: C:\Program Files\Unity\Hub\Editor\6000.2.2f1\Editor\Data\Resources\PackageManager\BuiltInPackages\com.unity.modules.unityanalytics)
    com.unity.modules.unitywebrequest@1.0.0 (location: C:\Program Files\Unity\Hub\Editor\6000.2.2f1\Editor\Data\Resources\PackageManager\BuiltInPackages\com.unity.modules.unitywebrequest)
    com.unity.modules.unitywebrequestassetbundle@1.0.0 (location: C:\Program Files\Unity\Hub\Editor\6000.2.2f1\Editor\Data\Resources\PackageManager\BuiltInPackages\com.unity.modules.unitywebrequestassetbundle)
    com.unity.modules.unitywebrequestaudio@1.0.0 (location: C:\Program Files\Unity\Hub\Editor\6000.2.2f1\Editor\Data\Resources\PackageManager\BuiltInPackages\com.unity.modules.unitywebrequestaudio)
    com.unity.modules.unitywebrequesttexture@1.0.0 (location: C:\Program Files\Unity\Hub\Editor\6000.2.2f1\Editor\Data\Resources\PackageManager\BuiltInPackages\com.unity.modules.unitywebrequesttexture)
    com.unity.modules.unitywebrequestwww@1.0.0 (location: C:\Program Files\Unity\Hub\Editor\6000.2.2f1\Editor\Data\Resources\PackageManager\BuiltInPackages\com.unity.modules.unitywebrequestwww)
    com.unity.modules.vehicles@1.0.0 (location: C:\Program Files\Unity\Hub\Editor\6000.2.2f1\Editor\Data\Resources\PackageManager\BuiltInPackages\com.unity.modules.vehicles)
    com.unity.modules.video@1.0.0 (location: C:\Program Files\Unity\Hub\Editor\6000.2.2f1\Editor\Data\Resources\PackageManager\BuiltInPackages\com.unity.modules.video)
    com.unity.modules.vr@1.0.0 (location: C:\Program Files\Unity\Hub\Editor\6000.2.2f1\Editor\Data\Resources\PackageManager\BuiltInPackages\com.unity.modules.vr)
    com.unity.modules.wind@1.0.0 (location: C:\Program Files\Unity\Hub\Editor\6000.2.2f1\Editor\Data\Resources\PackageManager\BuiltInPackages\com.unity.modules.wind)
    com.unity.modules.xr@1.0.0 (location: C:\Program Files\Unity\Hub\Editor\6000.2.2f1\Editor\Data\Resources\PackageManager\BuiltInPackages\com.unity.modules.xr)
    com.unity.modules.subsystems@1.0.0 (location: C:\Program Files\Unity\Hub\Editor\6000.2.2f1\Editor\Data\Resources\PackageManager\BuiltInPackages\com.unity.modules.subsystems)
    com.unity.modules.hierarchycore@1.0.0 (location: C:\Program Files\Unity\Hub\Editor\6000.2.2f1\Editor\Data\Resources\PackageManager\BuiltInPackages\com.unity.modules.hierarchycore)
    com.unity.render-pipelines.core@17.2.0 (location: C:\Users\Steph\Dev\aq30-unity\Library\PackageCache\com.unity.render-pipelines.core@5e056b397fc0)
    com.unity.shadergraph@17.2.0 (location: C:\Users\Steph\Dev\aq30-unity\Library\PackageCache\com.unity.shadergraph@287dd3fa176c)
    com.unity.render-pipelines.universal-config@17.0.3 (location: C:\Users\Steph\Dev\aq30-unity\Library\PackageCache\com.unity.render-pipelines.universal-config@8dc1aab4af1d)
    com.unity.rendering.light-transport@1.0.1 (location: C:\Users\Steph\Dev\aq30-unity\Library\PackageCache\com.unity.rendering.light-transport@2c9279f90d7c)
  Embedded packages:
    com.aq.domain.merge@file:C:\Users\Steph\Dev\aq30-unity\Packages\com.aq.domain.merge (location: C:\Users\Steph\Dev\aq30-unity\Packages\com.aq.domain.merge)
    com.aq.sharedkernel@file:C:\Users\Steph\Dev\aq30-unity\Packages\com.aq.sharedkernel (location: C:\Users\Steph\Dev\aq30-unity\Packages\com.aq.sharedkernel)
[Package Manager] com.unity.textmeshpro is deprecated: This package is no longer supported. TextMeshPro functionalities are now included in the com.unity.ugui package. To continue using them, consider adding it to your project dependencies.
[Subsystems] No new subsystems found in resolved package list.
[Package Manager] Done registering packages in 0.02 seconds
[ScriptCompilation] Requested script compilation because: Assetdatabase observed changes in script compilation related files
Starting: C:\Program Files\Unity\Hub\Editor\6000.2.2f1\Editor\Data\bee_backend.exe --ipc --defer-dag-verification --dagfile="Library/Bee/1900b0aEDbg.dag" --continue-on-failure --profile="Library/Bee/backend1.traceevents" ScriptAssemblies
WorkingDir: C:/Users/Steph/Dev/aq30-unity
DisplayProgressbar: Compiling Scripts
Starting: C:\Program Files\Unity\Hub\Editor\6000.2.2f1\Editor\Data\Tools\netcorerun\netcorerun.exe "C:\Program Files\Unity\Hub\Editor\6000.2.2f1\Editor\Data\Tools\BuildPipeline\ScriptCompilationBuildProgram.exe" "Library/Bee/1900b0aEDbg.dag.json" "Library/Bee/1900b0aEDbg-inputdata.json" "Library\Bee\buildprogram0.traceevents"
WorkingDir: C:/Users/Steph/Dev/aq30-unity
ExitCode: 4 Duration: 1s150ms
Rebuilding DAG because FileSignature timestamp changed: Library/Bee/1900b0aEDbg-inputdata.json
[ 810/1057  0s] ILPP-Configuration Library/ilpp-configuration.nevergeneratedoutput
*** Tundra requires additional run (1.12 seconds), 2 items updated, 809 evaluated
ExitCode: 0 Duration: 2s9ms
Starting: C:\Program Files\Unity\Hub\Editor\6000.2.2f1\Editor\Data\bee_backend.exe --ipc --defer-dag-verification --dagfile="Library/Bee/1900b0aEDbg.dag" --continue-on-failure --dagfilejson="Library\Bee\1900b0aEDbg.dag.json" --profile="Library/Bee/backend2.traceevents" ScriptAssemblies
WorkingDir: C:/Users/Steph/Dev/aq30-unity
ExitCode: 0 Duration: 6s790ms
Finished compiling graph: 1060 nodes, 19395 flattened edges (15781 ToBuild, 172 ToUse), maximum node priority 1190
[ 465/1057  0s] WriteText Library/Bee/artifacts/1900b0aEDbg.dag/AQ.App.rsp
[ 810/1057  0s] ILPP-Configuration Library/ilpp-configuration.nevergeneratedoutput
[1033/1057  1s] Csc Library/Bee/artifacts/1900b0aEDbg.dag/AQ.App.dll (+2 others)
[1034/1057  0s] ILPostProcess Library/Bee/artifacts/1900b0aEDbg.dag/post-processed/AQ.App.dll (+pdb)
Processing assembly Library/Bee/artifacts/1900b0aEDbg.dag/AQ.App.dll, with 135 defines and 270 references

processors: Unity.Jobs.CodeGen.JobsILPostProcessor, zzzUnity.Burst.CodeGen.BurstILPostProcessor

running Unity.Jobs.CodeGen.JobsILPostProcessor

running zzzUnity.Burst.CodeGen.BurstILPostProcessor
[1035/1057  0s] CopyFiles Library/ScriptAssemblies/AQ.App.pdb
[1036/1057  0s] Csc Library/Bee/artifacts/1900b0aEDbg.dag/AQ.PlayModeNew.Tests.dll (+2 others)
[1037/1057  0s] CopyFiles Library/ScriptAssemblies/AQ.App.dll
[1038/1057  0s] ILPostProcess Library/Bee/artifacts/1900b0aEDbg.dag/post-processed/AQ.PlayModeNew.Tests.dll (+pdb)
Processing assembly Library/Bee/artifacts/1900b0aEDbg.dag/AQ.PlayModeNew.Tests.dll, with 135 defines and 269 references

processors: Unity.Jobs.CodeGen.JobsILPostProcessor, zzzUnity.Burst.CodeGen.BurstILPostProcessor

running Unity.Jobs.CodeGen.JobsILPostProcessor

running zzzUnity.Burst.CodeGen.BurstILPostProcessor
[1039/1057  0s] CopyFiles Library/ScriptAssemblies/AQ.PlayModeNew.Tests.dll
[1040/1057  0s] CopyFiles Library/ScriptAssemblies/AQ.PlayModeNew.Tests.pdb
[1041/1057  2s] Csc Library/Bee/artifacts/1900b0aEDbg.dag/AQ.Tests.dll (+2 others)
[1042/1057  0s] ILPostProcess Library/Bee/artifacts/1900b0aEDbg.dag/post-processed/AQ.Tests.dll (+pdb)
Processing assembly Library/Bee/artifacts/1900b0aEDbg.dag/AQ.Tests.dll, with 133 defines and 267 references

processors: Unity.Jobs.CodeGen.JobsILPostProcessor, zzzUnity.Burst.CodeGen.BurstILPostProcessor

running Unity.Jobs.CodeGen.JobsILPostProcessor

running zzzUnity.Burst.CodeGen.BurstILPostProcessor
[1043/1057  2s] Csc Library/Bee/artifacts/1900b0aEDbg.dag/AQ.Editor.dll (+2 others)
Assets\Editor\AQ\UI\Leads\TierSetPopupEmergencyClose.cs(12,23): warning CS0618: 'Object.FindObjectsOfType<T>(bool)' is obsolete: 'Object.FindObjectsOfType has been deprecated. Use Object.FindObjectsByType instead which lets you decide whether you need the results sorted or not.  FindObjectsOfType sorts the results by InstanceID but if you do not need this using FindObjectSortMode.None is considerably faster.'

Assets\Editor\AQ\UI\Leads\ActorsNudgeInsideMask.cs(13,23): warning CS0618: 'Object.FindObjectsOfType<T>(bool)' is obsolete: 'Object.FindObjectsOfType has been deprecated. Use Object.FindObjectsByType instead which lets you decide whether you need the results sorted or not.  FindObjectsOfType sorts the results by InstanceID but if you do not need this using FindObjectSortMode.None is considerably faster.'

Assets\Editor\AQ\UI\Leads\ApplyLeadCardStyle_STRICT.cs(143,18): warning CS0219: The variable 'changed' is assigned but its value is never used
[1044/1057  0s] CopyFiles Library/ScriptAssemblies/AQ.Tests.pdb
[1045/1057  0s] CopyFiles Library/ScriptAssemblies/AQ.Tests.dll
[1046/1057  0s] ILPostProcess Library/Bee/artifacts/1900b0aEDbg.dag/post-processed/AQ.Editor.dll (+pdb)
Processing assembly Library/Bee/artifacts/1900b0aEDbg.dag/AQ.Editor.dll, with 133 defines and 277 references

processors: Unity.Jobs.CodeGen.JobsILPostProcessor, zzzUnity.Burst.CodeGen.BurstILPostProcessor

running Unity.Jobs.CodeGen.JobsILPostProcessor

running zzzUnity.Burst.CodeGen.BurstILPostProcessor
[1047/1057  0s] CopyFiles Library/ScriptAssemblies/AQ.Editor.pdb
[1048/1057  0s] CopyFiles Library/ScriptAssemblies/AQ.Editor.dll
[1049/1057  1s] Csc Library/Bee/artifacts/1900b0aEDbg.dag/Assembly-CSharp.dll (+2 others)
[1050/1057  0s] Csc Library/Bee/artifacts/1900b0aEDbg.dag/Assembly-CSharp-Editor.dll (+2 others)
[1051/1057  1s] ILPostProcess Library/Bee/artifacts/1900b0aEDbg.dag/post-processed/Assembly-CSharp-Editor.dll (+pdb)
Processing assembly Library/Bee/artifacts/1900b0aEDbg.dag/Assembly-CSharp-Editor.dll, with 133 defines and 339 references

processors: Unity.Jobs.CodeGen.JobsILPostProcessor, zzzUnity.Burst.CodeGen.BurstILPostProcessor

running Unity.Jobs.CodeGen.JobsILPostProcessor

running zzzUnity.Burst.CodeGen.BurstILPostProcessor
[1052/1057  1s] ILPostProcess Library/Bee/artifacts/1900b0aEDbg.dag/post-processed/Assembly-CSharp.dll (+pdb)
Processing assembly Library/Bee/artifacts/1900b0aEDbg.dag/Assembly-CSharp.dll, with 135 defines and 321 references

processors: Unity.Jobs.CodeGen.JobsILPostProcessor, zzzUnity.Burst.CodeGen.BurstILPostProcessor

running Unity.Jobs.CodeGen.JobsILPostProcessor

running zzzUnity.Burst.CodeGen.BurstILPostProcessor
[1053/1057  0s] CopyFiles Library/ScriptAssemblies/Assembly-CSharp-Editor.pdb
[1054/1057  0s] CopyFiles Library/ScriptAssemblies/Assembly-CSharp.pdb
[1055/1057  0s] CopyFiles Library/ScriptAssemblies/Assembly-CSharp-Editor.dll
[1056/1057  0s] CopyFiles Library/ScriptAssemblies/Assembly-CSharp.dll
*** Tundra build success (6.77 seconds), 26 items updated, 1057 evaluated
Assets\Editor\AQ\UI\Leads\TierSetPopupEmergencyClose.cs(12,23): warning CS0618: 'Object.FindObjectsOfType<T>(bool)' is obsolete: 'Object.FindObjectsOfType has been deprecated. Use Object.FindObjectsByType instead which lets you decide whether you need the results sorted or not.  FindObjectsOfType sorts the results by InstanceID but if you do not need this using FindObjectSortMode.None is considerably faster.'
Assets\Editor\AQ\UI\Leads\ActorsNudgeInsideMask.cs(13,23): warning CS0618: 'Object.FindObjectsOfType<T>(bool)' is obsolete: 'Object.FindObjectsOfType has been deprecated. Use Object.FindObjectsByType instead which lets you decide whether you need the results sorted or not.  FindObjectsOfType sorts the results by InstanceID but if you do not need this using FindObjectSortMode.None is considerably faster.'
Assets\Editor\AQ\UI\Leads\ApplyLeadCardStyle_STRICT.cs(143,18): warning CS0219: The variable 'changed' is assigned but its value is never used
AssetDatabase: script compilation time: 10.695855s
Begin MonoManager ReloadAssembly
- Loaded All Assemblies, in  9.588 seconds
Refreshing native plugins compatible for Editor in 45.09 ms, found 3 plugins.
Native extension for iOS target not found
Native extension for Android target not found
Native extension for WindowsStandalone target not found
Native extension for WebGL target not found
Shader Hidden/ProbeVolume/VoxelizeScene is not supported: GPU does not support conservative rasterization
Mono: successfully reloaded assembly
- Finished resetting the current domain, in  4.473 seconds
Domain Reload Profiling: 14058ms
	BeginReloadAssembly (246ms)
		ExecutionOrderSort (0ms)
		DisableScriptedObjects (10ms)
		BackupInstance (0ms)
		ReleaseScriptingObjects (0ms)
		CreateAndSetChildDomain (141ms)
	RebuildCommonClasses (26ms)
	RebuildNativeTypeToScriptingClass (9ms)
	initialDomainReloadingComplete (19ms)
	LoadAllAssembliesAndSetupDomain (9284ms)
		LoadAssemblies (8819ms)
		RebuildTransferFunctionScriptingTraits (0ms)
		AnalyzeDomain (529ms)
			TypeCache.Refresh (479ms)
				TypeCache.ScanAssembly (466ms)
			BuildScriptInfoCaches (40ms)
			ResolveRequiredComponents (7ms)
	FinalizeReload (4474ms)
		ReleaseScriptCaches (0ms)
		RebuildScriptCaches (0ms)
		SetupLoadedEditorAssemblies (4068ms)
			LogAssemblyErrors (0ms)
			InitializePlatformSupportModulesInManaged (34ms)
			SetLoadedEditorAssemblies (7ms)
			BeforeProcessingInitializeOnLoad (194ms)
			ProcessInitializeOnLoadAttributes (3258ms)
			ProcessInitializeOnLoadMethodAttributes (572ms)
			AfterProcessingInitializeOnLoad (4ms)
			EditorAssembliesLoaded (0ms)
		ExecutionOrderSort2 (0ms)
		AwakeInstancesAfterBackupRestoration (6ms)
Start importing Packages/com.unity.render-pipelines.core/Editor/Lighting/ProbeVolume/RenderingLayerMask/TraceRenderingLayerMask.urtshader using Guid(94a070d33e408384bafc1dea4a565df9) (ScriptedImporter)Launched and connected shader compiler UnityShaderCompiler.exe after 0.03 seconds

Compiling ray tracing shader "TraceRenderingLayerMask"
    1 variants, starting compilation...
    finished in 0.27 seconds. Local cache hits 1, remote cache hits 0, compiled 0 variants
 -> (artifact id: 'dd45fc831cc868ca152d6f83b5231d01') in 0.5741303 seconds
Start importing Packages/com.unity.rendering.light-transport/Tests/Editor/UnifiedRayTracing/TraceRaysAndFetchAttributes.urtshader using Guid(f5da308cb9cb0194e9bfae0b869c004e) (ScriptedImporter)
Compiling ray tracing shader "TraceRaysAndFetchAttributes"
    1 variants, starting compilation...
    finished in 0.01 seconds. Local cache hits 1, remote cache hits 0, compiled 0 variants
 -> (artifact id: '2ca71ff0e641086bfd1c9ef894730a69') in 0.0219687 seconds
Start importing Packages/com.unity.render-pipelines.core/Editor/Lighting/ProbeVolume/DynamicGI/DynamicGISkyOcclusion.urtshader using Guid(5a2a534753fbdb44e96c3c78b5a6999d) (ScriptedImporter)
Compiling ray tracing shader "DynamicGISkyOcclusion"
    1 variants, starting compilation...
    finished in 0.00 seconds. Local cache hits 1, remote cache hits 0, compiled 0 variants
 -> (artifact id: '154b32e9b9ac3a2fe8c8d47044355682') in 0.0277535 seconds
Start importing Packages/com.unity.rendering.light-transport/Tests/Editor/UnifiedRayTracing/TraceRays.urtshader using Guid(8e91b451db4e4ae4d99c55ce20a031f8) (ScriptedImporter)
Compiling ray tracing shader "TraceRays"
    1 variants, starting compilation...
    finished in 0.00 seconds. Local cache hits 1, remote cache hits 0, compiled 0 variants
 -> (artifact id: '21785827e099622a80c64f0907d7c925') in 0.0174243 seconds
Start importing Packages/com.unity.render-pipelines.core/Editor/Lighting/ProbeVolume/VirtualOffset/TraceVirtualOffset.urtshader using Guid(ff2cbab5da58bf04d82c5f34037ed123) (ScriptedImporter)
Compiling ray tracing shader "TraceVirtualOffset"
    1 variants, starting compilation...
    finished in 0.00 seconds. Local cache hits 1, remote cache hits 0, compiled 0 variants
 -> (artifact id: '909a38694ce61953781aeca3e35c345b') in 0.0434492 seconds
Refreshing native plugins compatible for Editor in 1.54 ms, found 3 plugins.
Preloading 0 native plugins for Editor in 0.00 ms.
Asset Pipeline Refresh (id=6927ee81df99cd1448ff3f404d8a14b0): Total: 28.613 seconds - Initiated by InitialRefreshV2(ForceSynchronousImport)
	Summary:
		Imports: total=0 (actual=0, local cache=0, cache server=0)
		Asset DB Process Time: managed=4 ms, native=7569 ms
		Asset DB Callback time: managed=520 ms, native=135 ms
		Scripting: domain reloads=1, domain reload time=9588 ms, compile time=10697 ms, other=98 ms
		Project Asset Count: scripts=1532, non-scripts=3269
		Asset File Changes: new=0, changed=0, moved=0, deleted=1
		Scan Filter Count: 0
	InvokeCustomDependenciesCallbacks: 0.001ms
	InvokePackagesCallback: 65.004ms
	ApplyChangesToAssetFolders: 0.799ms
	Scan: 125.922ms
	OnSourceAssetsModified: 0.873ms
	CategorizeAssetsWithTransientArtifact: 1382.680ms
	ProcessAssetsWithTransientArtifactChanges: 66.824ms
	UnregisterDeletedAssets: 0.002ms
	CategorizeAssets: 54.329ms
	ImportOutOfDateAssets: 5238.872ms (-6174.908ms without children)
		ImportManagerImport: 699.925ms (13.999ms without children)
			ImportInProcess: 685.925ms
		CompileScripts: 10696.919ms
		ReloadNativeAssets: 0.101ms
		UnloadImportedAssets: 2.862ms
		ReloadImportedAssets: 12.348ms
		EnsureUptoDateAssetsAreRegisteredWithGuidPM: 0.981ms
		InitializingProgressBar: 0.159ms
		PostProcessAllAssetNotificationsAddChangedAssets: 0.000ms
		OnDemandSchedulerStart: 0.484ms
	PostProcessAllAssets: 586.884ms
	Hotreload: 4.516ms
	GatherAllCurrentPrimaryArtifactRevisions: 0.002ms
	UnloadStreamsBegin: 1.780ms
	PersistCurrentRevisions: 0.231ms
	UnloadStreamsEnd: 0.001ms
	GenerateScriptTypeHashes: 2.176ms
	Untracked: 21084.386ms

Application.AssetDatabase Initial Refresh End
Scanning for USB devices : 0.907ms
Initializing Unity extensions:
[MODES] ModeService[none].Initialize
[MODES] ModeService[none].LoadModes
[MODES] Loading mode Default (0) for mode-current-id-aq30-unity
Unloading 62 Unused Serialized files (Serialized files now loaded: 0)
Unloading 6099 unused Assets / (6.7 MB). Loaded Objects now: 6818.
Memory consumption went from 194.6 MB to 187.9 MB.
Total: 10.161900 ms (FindLiveObjects: 0.367900 ms CreateObjectMapping: 0.261900 ms MarkObjects: 5.993600 ms  DeleteObjects: 3.537700 ms)

Batchmode quit successfully invoked - shutting down!
Killing ADB server in 0.0444121 seconds.
[Physics::Module] Cleanup current backend.
[Physics::Module] Id: 0xf2b8ea05
Input System module state changed to: ShutdownInProgress.
Input System polling thread exited.
Input System module state changed to: Shutdown.
[Licensing::IpcConnector] LicenseClient-Steph-6000.2.2-notifications channel disconnected successfully.
[Licensing::IpcConnector] LicenseClient-Steph-6000.2.2 channel disconnected successfully.
AcceleratorClientConnectionCallback - disconnected - :0
Cleanup mono
Exiting batchmode successfully now!
Exiting without the bug reporter. Application will terminate with return code 0